[uWSGI] getting INI configuration from /var/www/example/config-uwsgi.ini
*** Starting uWSGI 2.0.21 (32bit) on [Thu Apr 20 19:36:11 2023] ***
compiled with version: 10.2.1 20210110 on 24 October 2022 16:32:23
os: Linux-6.1.21+ #1642 Mon Apr  3 17:19:14 BST 2023
nodename: raspberrypi
machine: armv6l
clock source: unix
pcre jit disabled
detected number of CPU cores: 1
current working directory: /var/www/example
detected binary path: /usr/local/bin/uwsgi
uWSGI running as root, you can use --uid/--gid/--chroot options
*** WARNING: you are running uWSGI as root !!! (use the --uid flag) *** 
chdir() to /var/www/example
*** WARNING: you are running uWSGI without its master process manager ***
your processes number limit is 1382
your memory page size is 4096 bytes
detected max file descriptor number: 1024
lock engine: pthread robust mutexes
thunder lock: disabled (you can enable it with --thunder-lock)
uwsgi socket 0 bound to UNIX address /var/www/example/example.sock fd 3
uWSGI running as root, you can use --uid/--gid/--chroot options
*** WARNING: you are running uWSGI as root !!! (use the --uid flag) *** 
Python version: 3.9.2 (default, Mar 12 2021, 04:06:34)  [GCC 10.2.1 20210110]
*** Python threads support is disabled. You can enable it with --enable-threads ***
Python main interpreter initialized at 0x4b6c20
uWSGI running as root, you can use --uid/--gid/--chroot options
*** WARNING: you are running uWSGI as root !!! (use the --uid flag) *** 
your server socket listen backlog is limited to 100 connections
your mercy for graceful operations on workers is 60 seconds
mapped 257632 bytes (251 KB) for 4 cores
*** Operational MODE: preforking ***
WSGI app 0 (mountpoint='') ready in 4 seconds on interpreter 0x4b6c20 pid: 24283 (default app)
uWSGI running as root, you can use --uid/--gid/--chroot options
*** WARNING: you are running uWSGI as root !!! (use the --uid flag) *** 
*** uWSGI is running in multiple interpreter mode ***
spawned uWSGI worker 1 (pid: 24283, cores: 1)
spawned uWSGI worker 2 (pid: 24284, cores: 1)
spawned uWSGI worker 3 (pid: 24285, cores: 1)
spawned uWSGI worker 4 (pid: 24286, cores: 1)
[pid: 24283|app: 0|req: 1/1] 192.168.100.4 () {42 vars in 815 bytes} [Thu Apr 20 19:36:18 2023] GET / => generated 12 bytes in 21 msecs (HTTP/1.1 200) 2 headers in 79 bytes (2 switches on core 0)
[pid: 24285|app: 0|req: 1/2] 192.168.100.4 () {40 vars in 739 bytes} [Thu Apr 20 19:36:18 2023] GET /favicon.ico => generated 232 bytes in 36 msecs (HTTP/1.1 404) 2 headers in 87 bytes (1 switches on core 0)
[pid: 24286|app: 0|req: 1/3] 192.168.100.4 () {42 vars in 815 bytes} [Thu Apr 20 19:36:20 2023] GET / => generated 12 bytes in 31 msecs (HTTP/1.1 200) 2 headers in 79 bytes (2 switches on core 0)
[pid: 24285|app: 0|req: 2/4] 192.168.100.4 () {42 vars in 815 bytes} [Thu Apr 20 19:36:29 2023] GET / => generated 12 bytes in 10 msecs (HTTP/1.1 200) 2 headers in 79 bytes (2 switches on core 0)
[pid: 24286|app: 0|req: 2/5] 192.168.100.4 () {42 vars in 815 bytes} [Thu Apr 20 19:36:30 2023] GET / => generated 12 bytes in 8 msecs (HTTP/1.1 200) 2 headers in 79 bytes (1 switches on core 0)
[pid: 24285|app: 0|req: 3/6] 192.168.100.4 () {42 vars in 815 bytes} [Thu Apr 20 19:37:12 2023] GET / => generated 12 bytes in 9 msecs (HTTP/1.1 200) 2 headers in 79 bytes (2 switches on core 0)
[pid: 24285|app: 0|req: 4/7] 192.168.100.4 () {44 vars in 846 bytes} [Thu Apr 20 19:46:34 2023] GET / => generated 12 bytes in 6 msecs (HTTP/1.1 200) 2 headers in 79 bytes (2 switches on core 0)
[uWSGI] getting INI configuration from /var/www/example/config-uwsgi.ini
*** Starting uWSGI 2.0.21 (32bit) on [Thu Apr 20 19:47:27 2023] ***
compiled with version: 10.2.1 20210110 on 24 October 2022 16:32:23
os: Linux-6.1.21+ #1642 Mon Apr  3 17:19:14 BST 2023
nodename: raspberrypi
machine: armv6l
clock source: unix
pcre jit disabled
detected number of CPU cores: 1
current working directory: /var/www/example
detected binary path: /usr/local/bin/uwsgi
uWSGI running as root, you can use --uid/--gid/--chroot options
*** WARNING: you are running uWSGI as root !!! (use the --uid flag) *** 
chdir() to /var/www/example
*** WARNING: you are running uWSGI without its master process manager ***
your processes number limit is 1382
your memory page size is 4096 bytes
detected max file descriptor number: 1024
lock engine: pthread robust mutexes
thunder lock: disabled (you can enable it with --thunder-lock)
uwsgi socket 0 bound to UNIX address /var/www/example/example.sock fd 3
uWSGI running as root, you can use --uid/--gid/--chroot options
*** WARNING: you are running uWSGI as root !!! (use the --uid flag) *** 
Python version: 3.9.2 (default, Mar 12 2021, 04:06:34)  [GCC 10.2.1 20210110]
*** Python threads support is disabled. You can enable it with --enable-threads ***
Python main interpreter initialized at 0x1dfcc20
uWSGI running as root, you can use --uid/--gid/--chroot options
*** WARNING: you are running uWSGI as root !!! (use the --uid flag) *** 
your server socket listen backlog is limited to 100 connections
your mercy for graceful operations on workers is 60 seconds
mapped 257632 bytes (251 KB) for 4 cores
*** Operational MODE: preforking ***
WSGI app 0 (mountpoint='') ready in 4 seconds on interpreter 0x1dfcc20 pid: 24419 (default app)
uWSGI running as root, you can use --uid/--gid/--chroot options
*** WARNING: you are running uWSGI as root !!! (use the --uid flag) *** 
*** uWSGI is running in multiple interpreter mode ***
spawned uWSGI worker 1 (pid: 24419, cores: 1)
spawned uWSGI worker 2 (pid: 24420, cores: 1)
spawned uWSGI worker 3 (pid: 24421, cores: 1)
spawned uWSGI worker 4 (pid: 24422, cores: 1)
[2023-04-20 19:47:33,012] ERROR in app: Exception on / [GET]
Traceback (most recent call last):
  File "/usr/lib/python3/dist-packages/flask/app.py", line 2447, in wsgi_app
    response = self.full_dispatch_request()
  File "/usr/lib/python3/dist-packages/flask/app.py", line 1952, in full_dispatch_request
    rv = self.handle_user_exception(e)
  File "/usr/lib/python3/dist-packages/flask/app.py", line 1821, in handle_user_exception
    reraise(exc_type, exc_value, tb)
  File "/usr/lib/python3/dist-packages/flask/_compat.py", line 39, in reraise
    raise value
  File "/usr/lib/python3/dist-packages/flask/app.py", line 1950, in full_dispatch_request
    rv = self.dispatch_request()
  File "/usr/lib/python3/dist-packages/flask/app.py", line 1936, in dispatch_request
    return self.view_functions[rule.endpoint](**req.view_args)
  File "./main.py", line 10, in home
    return render_template('index.html', test = 1)
  File "/usr/lib/python3/dist-packages/flask/templating.py", line 138, in render_template
    ctx.app.jinja_env.get_or_select_template(template_name_or_list),
  File "/usr/lib/python3/dist-packages/jinja2/environment.py", line 930, in get_or_select_template
    return self.get_template(template_name_or_list, parent, globals)
  File "/usr/lib/python3/dist-packages/jinja2/environment.py", line 883, in get_template
    return self._load_template(name, self.make_globals(globals))
  File "/usr/lib/python3/dist-packages/jinja2/environment.py", line 857, in _load_template
    template = self.loader.load(self, name, globals)
  File "/usr/lib/python3/dist-packages/jinja2/loaders.py", line 115, in load
    source, filename, uptodate = self.get_source(environment, name)
  File "/usr/lib/python3/dist-packages/flask/templating.py", line 60, in get_source
    return self._get_source_fast(environment, template)
  File "/usr/lib/python3/dist-packages/flask/templating.py", line 89, in _get_source_fast
    raise TemplateNotFound(template)
jinja2.exceptions.TemplateNotFound: index.html
[pid: 24419|app: 0|req: 1/1] 192.168.100.4 () {42 vars in 815 bytes} [Thu Apr 20 19:47:32 2023] GET / => generated 290 bytes in 111 msecs (HTTP/1.1 500) 2 headers in 99 bytes (1 switches on core 0)
[uWSGI] getting INI configuration from /var/www/example/config-uwsgi.ini
*** Starting uWSGI 2.0.21 (32bit) on [Thu Apr 20 20:33:41 2023] ***
compiled with version: 10.2.1 20210110 on 24 October 2022 16:32:23
os: Linux-6.1.21+ #1642 Mon Apr  3 17:19:14 BST 2023
nodename: raspberrypi
machine: armv6l
clock source: unix
pcre jit disabled
detected number of CPU cores: 1
current working directory: /var/www/example
detected binary path: /usr/local/bin/uwsgi
uWSGI running as root, you can use --uid/--gid/--chroot options
*** WARNING: you are running uWSGI as root !!! (use the --uid flag) *** 
chdir() to /var/www/example
*** WARNING: you are running uWSGI without its master process manager ***
your processes number limit is 1382
your memory page size is 4096 bytes
detected max file descriptor number: 1024
lock engine: pthread robust mutexes
thunder lock: disabled (you can enable it with --thunder-lock)
uwsgi socket 0 bound to UNIX address /var/www/example/example.sock fd 3
uWSGI running as root, you can use --uid/--gid/--chroot options
*** WARNING: you are running uWSGI as root !!! (use the --uid flag) *** 
Python version: 3.9.2 (default, Mar 12 2021, 04:06:34)  [GCC 10.2.1 20210110]
*** Python threads support is disabled. You can enable it with --enable-threads ***
Python main interpreter initialized at 0x96ac20
uWSGI running as root, you can use --uid/--gid/--chroot options
*** WARNING: you are running uWSGI as root !!! (use the --uid flag) *** 
your server socket listen backlog is limited to 100 connections
your mercy for graceful operations on workers is 60 seconds
mapped 257632 bytes (251 KB) for 4 cores
*** Operational MODE: preforking ***
WSGI app 0 (mountpoint='') ready in 4 seconds on interpreter 0x96ac20 pid: 24650 (default app)
uWSGI running as root, you can use --uid/--gid/--chroot options
*** WARNING: you are running uWSGI as root !!! (use the --uid flag) *** 
*** uWSGI is running in multiple interpreter mode ***
spawned uWSGI worker 1 (pid: 24650, cores: 1)
spawned uWSGI worker 2 (pid: 24651, cores: 1)
spawned uWSGI worker 3 (pid: 24652, cores: 1)
spawned uWSGI worker 4 (pid: 24653, cores: 1)
Gracefully killing worker 1 (pid: 24650)...
